<?xml version="1.0" encoding="UTF-8"?>
<!-- Generated by org.testng.reporters.JUnitReportReporter -->
<testsuite hostname="LAPTOP-92JNLC8U" failures="0" tests="2" name="mavanCMDPractice.Mavandemo1Test" time="0.002" errors="0" timestamp="2023-01-06T14:20:14 IST" skipped="0">
  <testcase classname="mavanCMDPractice.Mavandemo1Test" name="demo2test" time="0.001"/>
  <system-out/>
  <testcase classname="mavanCMDPractice.Mavandemo1Test" name="demo1test" time="0.001"/>
  <system-out/>
</testsuite> <!-- mavanCMDPractice.Mavandemo1Test -->
