<?xml version="1.0" encoding="UTF-8"?>
<!-- Generated by org.testng.reporters.JUnitReportReporter -->
<testsuite hostname="LAPTOP-92JNLC8U" failures="0" tests="1" name="testNGImplementation.CreateAndDuplicateLeadTest" time="12.701" errors="0" timestamp="2023-01-03T14:52:00 IST" skipped="0">
  <testcase classname="testNGImplementation.CreateAndDuplicateLeadTest" name="createDuplicateLeadTest" time="12.701"/>
  <system-out/>
</testsuite> <!-- testNGImplementation.CreateAndDuplicateLeadTest -->
